<component name="libraryTable">
  <library name="junit5-0.30">
    <CLASSES>
      <root url="jar://$PROJECT_DIR$/../../java-libs/junit5-0.30.jar!/" />
    </CLASSES>
    <JAVADOC />
    <SOURCES />
  </library>
</component>